<?xml version="1.0" encoding="UTF-8"?>
<testsuite xmlns:xsi="http://www.w3.org/2001/XMLSchema-instance" xsi:noNamespaceSchemaLocation="https://maven.apache.org/surefire/maven-surefire-plugin/xsd/surefire-test-report.xsd" name="web.globalbeershop.CartTest" time="17.319" tests="10" errors="0" skipped="0" failures="0">
  <properties>
[...]
</properties>
  <testcase name="addOneItemToCartTest" classname="web.globalbeershop.CartTest" time="0.011"/>
  <testcase name="increasingQuantityOfBeerInCartTest" classname="web.globalbeershop.CartTest" time="0.002"/>
  <testcase name="gettingTotalPriceOfMultipleBeersInCartTest" classname="web.globalbeershop.CartTest" time="0.003"/>
  <testcase name="validateCartWithMultipleBeersTest" classname="web.globalbeershop.CartTest" time="0.025"/>
  <testcase name="validateCartWithCorrectQuantityTest" classname="web.globalbeershop.CartTest" time="0.003"/>
  <testcase name="validateCartWithNoBeersTest" classname="web.globalbeershop.CartTest" time="0.004"/>
  <testcase name="newCartIsEmptyTest" classname="web.globalbeershop.CartTest" time="0.003"/>
  <testcase name="removeItemFromCartTest" classname="web.globalbeershop.CartTest" time="0.003"/>
  <testcase name="updateBeerInCartToZeroDoesNotWorkTest" classname="web.globalbeershop.CartTest" time="0.003"/>
  <testcase name="validateCartWithIncorrectQuantityTest" classname="web.globalbeershop.CartTest" time="0.004"/>
</testsuite>